# F03 verification evidence — 2026-07-03T01:33:38Z

## Command (feature_list.json F03.verification[0])
```
cd apps/web && bash scripts/lint-design.sh 2>&1 | tee /tmp/lint-design-out.txt; grep 'LABEL-LANG-MIX:' /tmp/lint-design-out.txt | grep -qiE 'ava|ai-store|surveys|admin' || (echo 'lint 的 §7 语言一致性规则未真正命中新增页面路径（不是只匹配脚本自身说明文案）' && exit 1)
```

## Full lint-design.sh output
```
· 扫描范围：app/ + components/（含 ava/ai-store/surveys/admin/studio/presentations 等模块）
⚠ LABEL-LANG-MIX(同文件内中英混用，警告，不拦截；修复归属 phase-p17 reskin)：
    LABEL-LANG-MIX: app/(app)/ava/page.tsx:151:  { id: "understand-file", label: "理解文件", prompt: "帮我理解这份材料，并总结关键结论。" },
    LABEL-LANG-MIX: app/(app)/ava/page.tsx:152:  { id: "draft-email", label: "起草邮件", prompt: "帮我起草一封项目进展同步邮件。" },
    LABEL-LANG-MIX: app/(app)/ava/page.tsx:153:  { id: "summarize-trends", label: "总结趋势", prompt: "帮我总结最近用户反馈中的主要趋势。" },
    LABEL-LANG-MIX: app/(app)/ava/page.tsx:154:  { id: "brainstorm", label: "头脑风暴", prompt: "围绕这个目标帮我头脑风暴 5 个可执行方案。" },
    LABEL-LANG-MIX: app/(app)/ava/page.tsx:160:  { id: "make-tasks", label: "拆成任务", prompt: "把上面的建议拆成可执行任务，并按优先级排序。" },
    LABEL-LANG-MIX: app/(app)/ava/page.tsx:161:  { id: "find-risks", label: "识别风险", prompt: "基于上面的回复，列出主要风险和缓解措施。" },
    LABEL-LANG-MIX: app/(app)/ava/page.tsx:162:  { id: "shorten", label: "压缩摘要", prompt: "把上面的回复压缩成 5 条要点。" },
    LABEL-LANG-MIX: app/(app)/ava/page.tsx:2111:  if (diffDays === 0) return { key: "today", label: "Today" };
    LABEL-LANG-MIX: app/(app)/ava/page.tsx:2112:  if (diffDays === 1) return { key: "yesterday", label: "Yesterday" };
    LABEL-LANG-MIX: app/(app)/ava/page.tsx:2113:  if (diffDays < 7) return { key: "last-7-days", label: "Last 7 days" };
    LABEL-LANG-MIX: app/(app)/ava/page.tsx:2114:  return { key: "older", label: "Older" };
⚠ LABEL-LANG-MIX(跨文件中英混用，警告，不拦截；修复归属 phase-p17 reskin)：以下文件整体用中文 label，而以下文件整体用英文 label，同一层级 UI 组件的文案语言应统一：
    LABEL-LANG-MIX: app/(app)/admin/admin-home.tsx:111:        { label: "用户总数", stat: stats.users },
    LABEL-LANG-MIX: app/(app)/admin/ai-store/review/page.tsx:36:  { key: "", label: "全部" },
    LABEL-LANG-MIX: app/(app)/rooms/page.tsx:43:    { v: "grid", icon: LayoutGrid, label: "网格视图" },
    LABEL-LANG-MIX: components/board/board-canvas.tsx:767:              label="选择"
    LABEL-LANG-MIX: components/board/sync-status.tsx:14:  synced: { label: "已同步", dot: "bg-tag-green", text: "text-success" },
    LABEL-LANG-MIX: components/studio/studio-panel.tsx:29:  { type: "audio", label: "音频概览", icon: AudioLines },
    LABEL-LANG-MIX: app/(app)/account/page.tsx:15:  { key: "personal", label: "Personal info", icon: User },
    LABEL-LANG-MIX: app/(app)/credits/page.tsx:237:              <SummaryCard value={fmt(wallet.balance)} label="Current balance" />
    LABEL-LANG-MIX: components/app-shell/sidebar.tsx:34:  { label: "Home", icon: Home, href: "/" },
  示例（Board 工具条 vs Sidebar 导航）：见 components/board/board-canvas.tsx 与 components/app-shell/sidebar.tsx
✓ design lint: 全部通过（颜色/间距/原生元素/微交互/无障碍/状态完整性/文案语言一致性）
```

## Verification command exit code
```
exit 0 (pass)
```
