=== F04 verify — Team F06-F09 证据补齐 + F13 状态拆分回填 ===
date (UTC): 2026-07-05T01:38:15Z
commit (branch base): c3a449d108642059e2c8bcc93f531382a50856d5

--- 1) docker compose -f infra/docker-compose.yml up -d ---
 Container worktree-agent-a4cb3af44b720b8f7-redis-1 Running 
 Container worktree-agent-a4cb3af44b720b8f7-minio-1 Running 
 Container worktree-agent-a4cb3af44b720b8f7-postgres-1 Running 

--- 2) pnpm --filter @repo/data run migrate ---
✓ 已应用，跳过：026_room_files.sql
✓ 已应用，跳过：026_survey_room_scope.sql
✓ 已应用，跳过：027_ava_research_sessions.sql
✓ 已应用，跳过：028_ava_research_clarify_stage.sql
迁移完成。

--- 3) pnpm --filter @repo/web exec playwright test e2e/team-007-general-settings.spec.ts ---

Running 5 tests using 1 worker

  ✓  1 [chromium] › team-007-general-settings.spec.ts:26:5 › owner 编辑团队名与描述 → 保存成功并持久化 (601ms)
  ✓  2 [chromium] › team-007-general-settings.spec.ts:47:5 › owner 删除团队 → 团队从列表消失 (136ms)
  ✓  3 [chromium] › team-007-general-settings.spec.ts:60:5 › 非 owner（member）无权删除团队 → 403 (523ms)
  ✓  4 [chromium] › team-007-general-settings.spec.ts:74:5 › 团队名不能为空 → 400 (141ms)
  ✓  5 [chromium] › team-007-general-settings.spec.ts:84:5 › General 设置区在 /teams 页面可见（owner） (5.2s)

  5 passed (10.0s)

--- 4) pnpm --filter @repo/web exec playwright test e2e/team-invite-join.spec.ts ---

Running 3 tests using 1 worker

  ✓  1 [chromium] › team-invite-join.spec.ts:14:5 › owner 邀请、被邀请人加入为 member (1.1s)
  ✓  2 [chromium] › team-invite-join.spec.ts:34:5 › 非 owner/admin（member）无权邀请 → 403 (287ms)
  ✓  3 [chromium] › team-invite-join.spec.ts:47:5 › 无效令牌加入 → 400 (95ms)

  3 passed (4.6s)

--- 5) jq -e '.features[] | select(.id=="F13")' phases/phase-04-identity-and-spaces/feature_list.json ---
{
  "id": "F13",
  "priority": 20,
  "area": "team",
  "title": "[DEFERRED] 团队 Memory",
  "user_visible_behavior": "团队级 Memory 列表：搜索/新增/删除团队可复用的 AI 协作上下文信息。",
  "status": "not_started",
  "sprint": null,
  "owner": null,
  "capability": "CAP-AI",
  "verification": [
    "echo 'DEFERRED：team_memories 数据模型不存在，packages/memory 是 harness 自身会话记忆基础设施，apps/web 无任何引用，与团队级 Memory 无关，本阶段不实现' && false"
  ],
  "evidence": "",
  "notes": "uc-team-009。phase-p21 F04 复核 2026-07-05：原 F13 覆盖 uc-team-007/008/009/010 四条用例，007 已在 commit f603f45 实现却从未回填（拆分为 F15，已 passing）；008/010 依赖的 AI/AI Store 平面已具备条件（拆分为 F16，改列 not_started）；只有 009（团队 Memory）仍因 team_memories 表缺失继续 DEFERRED，本记录范围收窄为仅 uc-team-009。",
  "source_use_cases": [
    "phases/phase-04-identity-and-spaces/requirements/team/uc-team-009-manage-team-memory.md"
  ]
}

=== 附：F06-F09 重跑结果一览（详细日志见 phases/phase-04-identity-and-spaces/sprints/sprint-02/evidence/） ===
F06 (team-create.spec.ts): 2 passed
F07 (team-switch.spec.ts): 2 passed
F08 (team-invite-join.spec.ts): 3 passed
F09 (team-manage.spec.ts): 3 passed
F15 新增 uc-team-007 拆分 (team-007-general-settings.spec.ts): 5 passed

=== F13 拆分结果 ===
F13（收窄）：仅 uc-team-009，继续 DEFERRED（team_memories 表不存在）
F15（新增，passing）：uc-team-007 团队通用设置，commit f603f45 实现 + team-007-general-settings.spec.ts 5 e2e 全过
F16（新增，not_started）：uc-team-008 + uc-team-010，AI/AI Store 平面已具备条件（p9-ava-chat 10/11 passing、p11-ai-store 5/6 passing），解除 DEFERRED，留待后续排期

=== 附带核查：apps/web/app/api/invite/[token]/route.ts ===
结论：仍被 apps/web/app/invite/[token]/page.tsx 引用（GET 解析邀请 + POST 接受邀请），非死路由，故不删除。
