$ docker compose -f infra/docker-compose.yml up -d
[exit 0]
 Container coord-work-minio-1  Running
 Container coord-work-redis-1  Running
 Container coord-work-postgres-1  Running


$ pnpm --filter @repo/data run migrate
[exit 0]

> @repo/data@0.1.0 migrate /Users/shenyanbin/Downloads/harnessdemo4/coord-work/coordinator/packages/data
> sh -c 'set -a; [ -f ../../apps/web/.env.local ] && . ../../apps/web/.env.local; set +a; tsx src/migrate.ts'

✓ 已应用，跳过：001_init.sql
✓ 已应用，跳过：002_auth.sql
✓ 已应用，跳过：003_team.sql
✓ 已应用，跳过：004_room.sql
✓ 已应用，跳过：005_canvas.sql
✓ 已应用，跳过：006_profile.sql
✓ 已应用，跳过：007_board.sql
✓ 已应用，跳过：008_board_visits.sql
✓ 已应用，跳过：009_board_favorites.sql
✓ 已应用，跳过：010_room_chat.sql
✓ 已应用，跳过：011_board_settings.sql
✓ 已应用，跳过：012_board_items_board_id.sql
✓ 已应用，跳过：013_board_items_color.sql
✓ 已应用，跳过：014_feedback.sql
✓ 已应用，跳过：014_room_chat_messages.sql
✓ 已应用，跳过：015_team_general.sql
✓ 已应用，跳过：016_admin_role.sql
✓ 已应用，跳过：016_ai_store.sql
✓ 已应用，跳过：016_ava_chat.sql
✓ 已应用，跳过：016_credits.sql
✓ 已应用，跳过：016_kb_files.sql
✓ 已应用，跳过：016_survey.sql
✓ 已应用，跳过：017_ai_store_item_config.sql
✓ 已应用，跳过：017_payment_orders.sql
✓ 已应用，跳过：017_studio_artifacts.sql
✓ 已应用，跳过：017_survey_templates.sql
✓ 已应用，跳过：018_ai_store_favorites.sql
✓ 已应用，跳过：018_ava_message_attachments.sql
✓ 已应用，跳过：018_ava_thread_share.sql
✓ 已应用，跳过：018_user_plan.sql
→ 应用：019_credit_transaction_idempotency.sql
✓ 完成：019_credit_transaction_idempotency.sql
✓ 已应用，跳过：019_presentation_artifacts.sql
✓ 已应用，跳过：020_ava_message_feedback.sql
✓ 已应用，跳过：021_ai_store_share.sql
✓ 已应用，跳过：021_presentation_revisions.sql
迁移完成。


$ pnpm --filter @repo/web exec playwright test e2e/ava-deep-research.spec.ts
[exit 0]

Running 4 tests using 1 worker

  ✓  1 [chromium] › ava-deep-research.spec.ts:11:5 › Deep Research：提交主题 → 澄清/计划 → 确认执行时间线 → 报告面板 → 继续追问 (18.3s)
  ✓  2 [chromium] › ava-deep-research.spec.ts:43:5 › Deep Research：主题过短时展示错误并保留可恢复输入 (1.6s)
  ✓  3 [chromium] › ava-deep-research.spec.ts:56:5 › Deep Research：额度不足时展示提示并保留主题 (1.8s)
  ✓  4 [chromium] › ava-deep-research.spec.ts:71:5 › Deep Research：启动失败时展示可重试错误态 (1.6s)

  Slow test file: [chromium] › ava-deep-research.spec.ts (23.3s)
  Consider splitting slow test files to speed up parallel execution
  4 passed (31.0s)



[BASE VERIFY] $ pnpm -w run verify:base
[exit 0]

> boardx-dev-template@ verify:base /Users/shenyanbin/Downloads/harnessdemo4/coord-work/coordinator
> turbo run typecheck lint test

• Packages in scope: @repo/agent-core, @repo/ai, @repo/auth, @repo/canvas, @repo/data, @repo/memory, @repo/orchestrator, @repo/queue, @repo/storage, @repo/tools, @repo/web, @repo/workflow-worker
• Running typecheck, lint, test in 12 packages
• Remote caching disabled
@repo/canvas:test: cache hit, replaying logs 85524402dd543241
@repo/canvas:test: 
@repo/canvas:test: > @repo/canvas@0.1.0 test /Users/shenyanbin/Downloads/harnessdemo4/coord-work/coordinator/packages/canvas
@repo/canvas:test: > vitest run
@repo/canvas:test: 
@repo/canvas:test: 
@repo/canvas:test:  RUN  v2.0.0 /Users/shenyanbin/Downloads/harnessdemo4/coord-work/coordinator/packages/canvas
@repo/canvas:test: 
@repo/canvas:test:  ✓ src/index.test.ts  (8 tests) 8ms
@repo/canvas:test: 
@repo/canvas:test:  Test Files  1 passed (1)
@repo/canvas:test:       Tests  8 passed (8)
@repo/canvas:test:    Start at  21:44:14
@repo/canvas:test:    Duration  1.02s (transform 156ms, setup 0ms, collect 63ms, tests 8ms, environment 0ms, prepare 531ms)
@repo/canvas:test: 
@repo/workflow-worker:lint: cache hit, replaying logs 6f389089607d2762
@repo/workflow-worker:lint: 
@repo/workflow-worker:lint: > @repo/workflow-worker@0.1.0 lint /Users/shenyanbin/Downloads/harnessdemo4/coord-work/coordinator/apps/workflow-worker
@repo/workflow-worker:lint: > echo 'lint: ok'
@repo/workflow-worker:lint: 
@repo/workflow-worker:lint: lint: ok
@repo/agent-core:typecheck: cache hit, replaying logs 605f8206aa339bc0
@repo/agent-core:typecheck: 
@repo/agent-core:typecheck: > @repo/agent-core@0.1.0 typecheck /Users/shenyanbin/Downloads/harnessdemo4/coord-work/coordinator/packages/agent-core
@repo/agent-core:typecheck: > tsc --noEmit
@repo/agent-core:typecheck: 
@repo/agent-core:lint: cache hit, replaying logs ac94863c4184d627
@repo/agent-core:lint: 
@repo/agent-core:lint: > @repo/agent-core@0.1.0 lint /Users/shenyanbin/Downloads/harnessdemo4/coord-work/coordinator/packages/agent-core
@repo/agent-core:lint: > echo 'lint: ok'
@repo/agent-core:lint: 
@repo/agent-core:lint: lint: ok
@repo/auth:test: cache hit, replaying logs 367f84ebd8d74a21
@repo/auth:test: 
@repo/auth:test: > @repo/auth@0.1.0 test /Users/shenyanbin/Downloads/harnessdemo4/coord-work/coordinator/packages/auth
@repo/auth:test: > vitest run
@repo/auth:test: 
@repo/auth:test: 
@repo/auth:test:  RUN  v2.0.0 /Users/shenyanbin/Downloads/harnessdemo4/coord-work/coordinator/packages/auth
@repo/auth:test: 
@repo/auth:test:  ✓ src/index.test.ts  (15 tests) 692ms
@repo/auth:test: 
@repo/auth:test:  Test Files  1 passed (1)
@repo/auth:test:       Tests  15 passed (15)
@repo/auth:test:    Start at  01:06:43
@repo/auth:test:    Duration  2.26s (transform 94ms, setup 0ms, collect 206ms, tests 692ms, environment 0ms, prepare 168ms)
@repo/auth:test: 
@repo/agent-core:test: cache hit, replaying logs 79e924826c73601a
@repo/agent-core:test: 
@repo/agent-core:test: > @repo/agent-core@0.1.0 test /Users/shenyanbin/Downloads/harnessdemo4/coord-work/coordinator/packages/agent-core
@repo/agent-core:test: > vitest run
@repo/agent-core:test: 
@repo/agent-core:test: 
@repo/agent-core:test:  RUN  v2.0.0 /Users/shenyanbin/Downloads/harnessdemo4/coord-work/coordinator/packages/agent-core
@repo/agent-core:test: 
@repo/agent-core:test:  ✓ src/index.test.ts  (3 tests) 6ms
@repo/agent-core:test: 
@repo/agent-core:test:  Test Files  1 passed (1)
@repo/agent-core:test:       Tests  3 passed (3)
@repo/agent-core:test:    Start at  21:44:09
@repo/agent-core:test:    Duration  1.36s (transform 370ms, setup 0ms, collect 370ms, tests 6ms, environment 0ms, prepare 240ms)
@repo/agent-core:test: 
@repo/web:lint: cache miss, executing c46f25a5cdce9d6f
@repo/ai:typecheck: cache hit, replaying logs 7ebae593a347010b
@repo/ai:typecheck: 
@repo/ai:typecheck: > @repo/ai@0.1.0 typecheck /Users/shenyanbin/Downloads/harnessdemo4/coord-work/coordinator/packages/ai
@repo/ai:typecheck: > tsc --noEmit
@repo/ai:typecheck: 
@repo/memory:typecheck: cache hit, replaying logs 0c6677da20af9c13
@repo/memory:typecheck: 
@repo/memory:typecheck: > @repo/memory@0.1.0 typecheck /Users/shenyanbin/Downloads/harnessdemo4/coord-work/coordinator/packages/memory
@repo/memory:typecheck: > tsc --noEmit
@repo/memory:typecheck: 
@repo/tools:lint: cache hit, replaying logs 4cc8ff2f66a3d7bc
@repo/tools:lint: 
@repo/tools:lint: > @repo/tools@0.1.0 lint /Users/shenyanbin/Downloads/harnessdemo4/coord-work/coordinator/packages/tools
@repo/tools:lint: > echo 'lint: ok'
@repo/tools:lint: 
@repo/tools:lint: lint: ok
@repo/auth:build: cache hit, replaying logs 1fec665c1032867a
@repo/auth:build: 
@repo/auth:build: > @repo/auth@0.1.0 build /Users/shenyanbin/Downloads/harnessdemo4/coord-work/coordinator/packages/auth
@repo/auth:build: > tsc --noEmit
@repo/auth:build: 
@repo/agent-core:build: cache hit, replaying logs 72029ef72bc90291
@repo/agent-core:build: 
@repo/agent-core:build: > @repo/agent-core@0.1.0 build /Users/shenyanbin/Downloads/harnessdemo4/coord-work/coordinator/packages/agent-core
@repo/agent-core:build: > tsc --noEmit
@repo/agent-core:build: 
@repo/tools:build: cache hit, replaying logs 572d3f061bd1690e
@repo/tools:build: 
@repo/tools:build: > @repo/tools@0.1.0 build /Users/shenyanbin/Downloads/harnessdemo4/coord-work/coordinator/packages/tools
@repo/tools:build: > tsc --noEmit
@repo/tools:build: 
@repo/ai:test: cache hit, replaying logs 9b0c91f48c43b935
@repo/ai:test: 
@repo/ai:test: > @repo/ai@0.1.0 test /Users/shenyanbin/Downloads/harnessdemo4/coord-work/coordinator/packages/ai
@repo/ai:test: > vitest run
@repo/ai:test: 
@repo/ai:test: 
@repo/ai:test:  RUN  v2.0.0 /Users/shenyanbin/Downloads/harnessdemo4/coord-work/coordinator/packages/ai
@repo/ai:test: 
@repo/ai:test:  ✓ src/studioGenerator.test.ts  (4 tests) 177ms
@repo/ai:test:  ✓ src/index.test.ts  (10 tests) 43ms
@repo/ai:test: 
@repo/ai:test:  Test Files  2 passed (2)
@repo/ai:test:       Tests  14 passed (14)
@repo/ai:test:    Start at  22:43:47
@repo/ai:test:    Duration  14.85s (transform 2.65s, setup 1ms, collect 2.95s, tests 220ms, environment 1ms, prepare 6.14s)
@repo/ai:test: 
@repo/queue:build: cache hit, replaying logs 47c8e57bfb69fd26
@repo/queue:build: 
@repo/queue:build: > @repo/queue@0.1.0 build /Users/shenyanbin/Downloads/harnessdemo4/coord-work/coordinator/packages/queue
@repo/queue:build: > tsc --noEmit
@repo/queue:build: 
@repo/storage:typecheck: cache hit, replaying logs 65d6bb3c823d094f
@repo/storage:typecheck: 
@repo/storage:typecheck: > @repo/storage@0.1.0 typecheck /Users/shenyanbin/Downloads/harnessdemo4/coord-work/coordinator/packages/storage
@repo/storage:typecheck: > tsc --noEmit
@repo/storage:typecheck: 
@repo/tools:typecheck: cache hit, replaying logs d11b4f859a2cd2f4
@repo/tools:typecheck: 
@repo/tools:typecheck: > @repo/tools@0.1.0 typecheck /Users/shenyanbin/Downloads/harnessdemo4/coord-work/coordinator/packages/tools
@repo/tools:typecheck: > tsc --noEmit
@repo/tools:typecheck: 
@repo/memory:lint: cache hit, replaying logs 27a0f892baac9da2
@repo/memory:lint: 
@repo/memory:lint: > @repo/memory@0.1.0 lint /Users/shenyanbin/Downloads/harnessdemo4/coord-work/coordinator/packages/memory
@repo/memory:lint: > echo 'lint: ok'
@repo/memory:lint: 
@repo/memory:lint: lint: ok
@repo/tools:test: cache hit, replaying logs 6ccaef08a058b3c2
@repo/tools:test: 
@repo/tools:test: > @repo/tools@0.1.0 test /Users/shenyanbin/Downloads/harnessdemo4/coord-work/coordinator/packages/tools
@repo/tools:test: > vitest run
@repo/tools:test: 
@repo/tools:test: 
@repo/tools:test:  RUN  v2.0.0 /Users/shenyanbin/Downloads/harnessdemo4/coord-work/coordinator/packages/tools
@repo/tools:test: 
@repo/tools:test:  ✓ src/index.test.ts  (12 tests) 467ms
@repo/tools:test: 
@repo/tools:test:  Test Files  1 passed (1)
@repo/tools:test:       Tests  12 passed (12)
@repo/tools:test:    Start at  21:44:10
@repo/tools:test:    Duration  1.73s (transform 108ms, setup 0ms, collect 325ms, tests 467ms, environment 0ms, prepare 245ms)
@repo/tools:test: 
@repo/storage:lint: cache hit, replaying logs 8226e0fa96519d86
@repo/storage:lint: 
@repo/storage:lint: > @repo/storage@0.1.0 lint /Users/shenyanbin/Downloads/harnessdemo4/coord-work/coordinator/packages/storage
@repo/storage:lint: > echo 'lint: ok'
@repo/storage:lint: 
@repo/storage:lint: lint: ok
@repo/auth:typecheck: cache hit, replaying logs 7ab16b31f397ee82
@repo/auth:typecheck: 
@repo/auth:typecheck: > @repo/auth@0.1.0 typecheck /Users/shenyanbin/Downloads/harnessdemo4/coord-work/coordinator/packages/auth
@repo/auth:typecheck: > tsc --noEmit
@repo/auth:typecheck: 
@repo/data:test: cache miss, executing e75e55207898b49d
@repo/queue:lint: cache hit, replaying logs a841242a04b4cf95
@repo/queue:lint: 
@repo/queue:lint: > @repo/queue@0.1.0 lint /Users/shenyanbin/Downloads/harnessdemo4/coord-work/coordinator/packages/queue
@repo/queue:lint: > echo 'lint: ok'
@repo/queue:lint: 
@repo/queue:lint: lint: ok
@repo/auth:lint: cache hit, replaying logs 50c849ef309cb470
@repo/auth:lint: 
@repo/auth:lint: > @repo/auth@0.1.0 lint /Users/shenyanbin/Downloads/harnessdemo4/coord-work/coordinator/packages/auth
@repo/auth:lint: > echo 'lint: ok'
@repo/auth:lint: 
@repo/auth:lint: lint: ok
@repo/memory:test: cache hit, replaying logs 6901151252fb79a2
@repo/memory:test: 
@repo/memory:test: > @repo/memory@0.1.0 test /Users/shenyanbin/Downloads/harnessdemo4/coord-work/coordinator/packages/memory
@repo/memory:test: > vitest run
@repo/memory:test: 
@repo/memory:test: 
@repo/memory:test:  RUN  v2.0.0 /Users/shenyanbin/Downloads/harnessdemo4/coord-work/coordinator/packages/memory
@repo/memory:test: 
@repo/memory:test:  ✓ src/index.test.ts  (13 tests) 28ms
@repo/memory:test: 
@repo/memory:test:  Test Files  1 passed (1)
@repo/memory:test:       Tests  13 passed (13)
@repo/memory:test:    Start at  21:44:20
@repo/memory:test:    Duration  2.01s (transform 318ms, setup 0ms, collect 617ms, tests 28ms, environment 0ms, prepare 395ms)
@repo/memory:test: 
@repo/storage:test: cache hit, replaying logs 304ef4d6e385ecab
@repo/storage:test: 
@repo/storage:test: > @repo/storage@0.1.0 test /Users/shenyanbin/Downloads/harnessdemo4/coord-work/coordinator/packages/storage
@repo/storage:test: > vitest run
@repo/storage:test: 
@repo/storage:test: 
@repo/storage:test:  RUN  v2.0.0 /Users/shenyanbin/Downloads/harnessdemo4/coord-work/coordinator/packages/storage
@repo/storage:test: 
@repo/storage:test:  ✓ src/index.test.ts  (19 tests) 44ms
@repo/storage:test: 
@repo/storage:test:  Test Files  1 passed (1)
@repo/storage:test:       Tests  19 passed (19)
@repo/storage:test:    Start at  16:28:33
@repo/storage:test:    Duration  8.77s (transform 1.46s, setup 0ms, collect 2.63s, tests 44ms, environment 1ms, prepare 2.30s)
@repo/storage:test: 
@repo/canvas:typecheck: cache hit, replaying logs ec14d65654c44629
@repo/canvas:typecheck: 
@repo/canvas:typecheck: > @repo/canvas@0.1.0 typecheck /Users/shenyanbin/Downloads/harnessdemo4/coord-work/coordinator/packages/canvas
@repo/canvas:typecheck: > tsc --noEmit
@repo/canvas:typecheck: 
@repo/ai:lint: cache hit, replaying logs c63a0b6b6d4a8c44
@repo/ai:lint: 
@repo/ai:lint: > @repo/ai@0.1.0 lint /Users/shenyanbin/Downloads/harnessdemo4/coord-work/coordinator/packages/ai
@repo/ai:lint: > echo 'lint: ok'
@repo/ai:lint: 
@repo/ai:lint: lint: ok
@repo/canvas:build: cache hit, replaying logs 5ab8469f958aa507
@repo/canvas:build: 
@repo/canvas:build: > @repo/canvas@0.1.0 build /Users/shenyanbin/Downloads/harnessdemo4/coord-work/coordinator/packages/canvas
@repo/canvas:build: > tsc --noEmit
@repo/canvas:build: 
@repo/data:build: cache miss, executing c32d48fde9df6519
@repo/memory:build: cache hit, replaying logs ef2c4955f90a55e2
@repo/memory:build: 
@repo/memory:build: > @repo/memory@0.1.0 build /Users/shenyanbin/Downloads/harnessdemo4/coord-work/coordinator/packages/memory
@repo/memory:build: > tsc --noEmit
@repo/memory:build: 
@repo/orchestrator:lint: cache hit, replaying logs 30eb51336094ef04
@repo/orchestrator:lint: 
@repo/orchestrator:lint: > @repo/orchestrator@0.1.0 lint /Users/shenyanbin/Downloads/harnessdemo4/coord-work/coordinator/apps/orchestrator
@repo/orchestrator:lint: > echo 'lint: ok'
@repo/orchestrator:lint: 
@repo/orchestrator:lint: lint: ok
@repo/storage:build: cache hit, replaying logs 2c67dc5e266c6fcc
@repo/storage:build: 
@repo/storage:build: > @repo/storage@0.1.0 build /Users/shenyanbin/Downloads/harnessdemo4/coord-work/coordinator/packages/storage
@repo/storage:build: > tsc --noEmit
@repo/storage:build: 
@repo/ai:build: cache hit, replaying logs 92180897d61455d3
@repo/ai:build: 
@repo/ai:build: > @repo/ai@0.1.0 build /Users/shenyanbin/Downloads/harnessdemo4/coord-work/coordinator/packages/ai
@repo/ai:build: > tsc --noEmit
@repo/ai:build: 
@repo/canvas:lint: cache hit, replaying logs 13e32f8d9de0dc8c
@repo/canvas:lint: 
@repo/canvas:lint: > @repo/canvas@0.1.0 lint /Users/shenyanbin/Downloads/harnessdemo4/coord-work/coordinator/packages/canvas
@repo/canvas:lint: > echo 'lint: ok'
@repo/canvas:lint: 
@repo/canvas:lint: lint: ok
@repo/queue:typecheck: cache hit, replaying logs 804cbe4172fa4b15
@repo/queue:typecheck: 
@repo/queue:typecheck: > @repo/queue@0.1.0 typecheck /Users/shenyanbin/Downloads/harnessdemo4/coord-work/coordinator/packages/queue
@repo/queue:typecheck: > tsc --noEmit
@repo/queue:typecheck: 
@repo/data:typecheck: cache miss, executing 0d6c056673b4b797
@repo/queue:test: cache hit, replaying logs 0d002c292c8fabc8
@repo/queue:test: 
@repo/queue:test: > @repo/queue@0.1.0 test /Users/shenyanbin/Downloads/harnessdemo4/coord-work/coordinator/packages/queue
@repo/queue:test: > vitest run
@repo/queue:test: 
@repo/queue:test: 
@repo/queue:test:  RUN  v2.0.0 /Users/shenyanbin/Downloads/harnessdemo4/coord-work/coordinator/packages/queue
@repo/queue:test: 
@repo/queue:test:  ✓ src/index.test.ts  (4 tests) 31ms
@repo/queue:test: 
@repo/queue:test:  Test Files  1 passed (1)
@repo/queue:test:       Tests  4 passed (4)
@repo/queue:test:    Start at  22:43:47
@repo/queue:test:    Duration  17.42s (transform 807ms, setup 0ms, collect 2.34s, tests 31ms, environment 0ms, prepare 2.53s)
@repo/queue:test: 
@repo/data:lint: cache miss, executing 47893d51ed783c55
@repo/orchestrator:test: cache hit, replaying logs 72b6c028823cc98c
@repo/orchestrator:test: 
@repo/orchestrator:test: > @repo/orchestrator@0.1.0 test /Users/shenyanbin/Downloads/harnessdemo4/coord-work/coordinator/apps/orchestrator
@repo/orchestrator:test: > vitest run
@repo/orchestrator:test: 
@repo/orchestrator:test: 
@repo/orchestrator:test:  RUN  v2.0.0 /Users/shenyanbin/Downloads/harnessdemo4/coord-work/coordinator/apps/orchestrator
@repo/orchestrator:test: 
@repo/orchestrator:test:  ✓ src/orchestrator.test.ts  (3 tests) 222ms
@repo/orchestrator:test: 
@repo/orchestrator:test:  Test Files  1 passed (1)
@repo/orchestrator:test:       Tests  3 passed (3)
@repo/orchestrator:test:    Start at  21:44:22
@repo/orchestrator:test:    Duration  1.78s (transform 90ms, setup 0ms, collect 114ms, tests 222ms, environment 10ms, prepare 233ms)
@repo/orchestrator:test: 
@repo/orchestrator:typecheck: cache hit, replaying logs 1e68a3fdb453ab29
@repo/orchestrator:typecheck: 
@repo/orchestrator:typecheck: > @repo/orchestrator@0.1.0 typecheck /Users/shenyanbin/Downloads/harnessdemo4/coord-work/coordinator/apps/orchestrator
@repo/orchestrator:typecheck: > tsc --noEmit
@repo/orchestrator:typecheck: 
@repo/web:lint: 
@repo/web:lint: > @repo/web@0.1.0 lint /Users/shenyanbin/Downloads/harnessdemo4/coord-work/coordinator/apps/web
@repo/web:lint: > bash scripts/lint-design.sh
@repo/web:lint: 
@repo/data:test: 
@repo/data:test: > @repo/data@0.1.0 test /Users/shenyanbin/Downloads/harnessdemo4/coord-work/coordinator/packages/data
@repo/data:test: > vitest run
@repo/data:test: 
@repo/data:typecheck: 
@repo/data:typecheck: > @repo/data@0.1.0 typecheck /Users/shenyanbin/Downloads/harnessdemo4/coord-work/coordinator/packages/data
@repo/data:typecheck: > tsc --noEmit
@repo/data:typecheck: 
@repo/data:lint: 
@repo/data:lint: > @repo/data@0.1.0 lint /Users/shenyanbin/Downloads/harnessdemo4/coord-work/coordinator/packages/data
@repo/data:lint: > echo 'lint: ok'
@repo/data:lint: 
@repo/data:build: 
@repo/data:build: > @repo/data@0.1.0 build /Users/shenyanbin/Downloads/harnessdemo4/coord-work/coordinator/packages/data
@repo/data:build: > tsc --noEmit
@repo/data:build: 
@repo/data:lint: lint: ok
@repo/data:test: 
@repo/data:test:  RUN  v2.0.0 /Users/shenyanbin/Downloads/harnessdemo4/coord-work/coordinator/packages/data
@repo/data:test: 
@repo/data:test:  ✓ src/aiStore.test.ts  (12 tests) 18ms
@repo/data:test:  ✓ src/survey.test.ts  (4 tests) 5ms
@repo/data:test:  ✓ src/board.test.ts  (9 tests) 7ms
@repo/data:test:  ✓ src/index.test.ts  (3 tests) 15ms
@repo/data:test:  ✓ src/roomChat.test.ts  (2 tests) 13ms
@repo/data:test:  ✓ src/avaChat.test.ts  (5 tests) 7ms
@repo/data:test: 
@repo/data:test:  Test Files  6 passed (6)
@repo/data:test:       Tests  35 passed (35)
@repo/data:test:    Start at  23:33:46
@repo/data:test:    Duration  2.74s (transform 1.62s, setup 0ms, collect 5.04s, tests 65ms, environment 2ms, prepare 2.87s)
@repo/data:test: 
@repo/workflow-worker:typecheck: cache miss, executing 75137048b78f2b7b
@repo/workflow-worker:test: cache miss, executing 017fae619fea6e56
@repo/web:test: cache miss, executing 2168482759d82908
@repo/web:typecheck: cache miss, executing a0a059498573421e
@repo/web:lint: ✓ design lint: 全部通过（颜色/间距/原生元素/微交互/无障碍/状态完整性）
@repo/workflow-worker:test: 
@repo/workflow-worker:test: > @repo/workflow-worker@0.1.0 test /Users/shenyanbin/Downloads/harnessdemo4/coord-work/coordinator/apps/workflow-worker
@repo/workflow-worker:test: > vitest run
@repo/workflow-worker:test: 
@repo/workflow-worker:typecheck: 
@repo/workflow-worker:typecheck: > @repo/workflow-worker@0.1.0 typecheck /Users/shenyanbin/Downloads/harnessdemo4/coord-work/coordinator/apps/workflow-worker
@repo/workflow-worker:typecheck: > tsc --noEmit
@repo/workflow-worker:typecheck: 
@repo/web:typecheck: 
@repo/web:typecheck: > @repo/web@0.1.0 typecheck /Users/shenyanbin/Downloads/harnessdemo4/coord-work/coordinator/apps/web
@repo/web:typecheck: > tsc --noEmit
@repo/web:typecheck: 
@repo/web:test: 
@repo/web:test: > @repo/web@0.1.0 test /Users/shenyanbin/Downloads/harnessdemo4/coord-work/coordinator/apps/web
@repo/web:test: > vitest run
@repo/web:test: 
@repo/workflow-worker:test: 
@repo/workflow-worker:test:  RUN  v2.0.0 /Users/shenyanbin/Downloads/harnessdemo4/coord-work/coordinator/apps/workflow-worker
@repo/workflow-worker:test: 
@repo/web:test: [33mThe CJS build of Vite's Node API is deprecated. See https://vite.dev/guide/troubleshooting.html#vite-cjs-node-api-deprecated for more details.[39m
@repo/web:test: 
@repo/web:test:  RUN  v2.0.0 /Users/shenyanbin/Downloads/harnessdemo4/coord-work/coordinator/apps/web
@repo/web:test: 
@repo/workflow-worker:test:  ✓ src/job.test.ts  (3 tests) 12ms
@repo/workflow-worker:test:  ✓ src/kbFileJob.test.ts  (2 tests) 6ms
@repo/workflow-worker:test:  ✓ src/studioJob.test.ts  (2 tests) 46ms
@repo/workflow-worker:test:  ✓ src/presentationRevisionJob.test.ts  (4 tests) 87ms
@repo/workflow-worker:test: 
@repo/workflow-worker:test:  Test Files  4 passed (4)
@repo/workflow-worker:test:       Tests  11 passed (11)
@repo/workflow-worker:test:    Start at  23:33:52
@repo/workflow-worker:test:    Duration  2.87s (transform 1.02s, setup 2ms, collect 2.15s, tests 151ms, environment 2ms, prepare 2.14s)
@repo/workflow-worker:test: 
@repo/web:test:  ✓ lib/feedback.test.ts  (2 tests) 9ms
@repo/web:test:  ✓ lib/viewport.test.ts  (4 tests) 9ms
@repo/web:test:  ✓ lib/agents.test.ts  (5 tests) 12ms
@repo/web:test:  ✓ lib/health.test.ts  (1 test) 7ms
@repo/web:test:  ✓ app/api/ava/threads/[id]/share/route.test.ts  (5 tests) 25ms
@repo/web:test:  ✓ app/api/ava/threads/[id]/route.test.ts  (4 tests) 21ms
@repo/web:test:  ✓ app/api/ai-store/items/[id]/route.test.ts  (2 tests) 17ms
@repo/web:test: 
@repo/web:test:  Test Files  7 passed (7)
@repo/web:test:       Tests  23 passed (23)
@repo/web:test:    Start at  23:33:52
@repo/web:test:    Duration  3.94s (transform 851ms, setup 2ms, collect 1.94s, tests 100ms, environment 51ms, prepare 3.51s)
@repo/web:test: 

 Tasks:    45 successful, 45 total
Cached:    36 cached, 45 total
  Time:    20.647s 

turbo 2.5.0

 WARNING  no output files found for task @repo/data#build. Please check your `outputs` key in `turbo.json`
