# F03 端到端验证证据
# 生成时间：2026-07-02T08:05:25Z
# 分支：worker/wrk-kb-1-p10-f03-delete-file（HEAD: 96f999d）
# 环境：隔离 worktree（tmp-kb-delete-verify），独占端口 pg:56554 redis:56555 minio:56557 web:56556
# 命令：corepack pnpm --filter @repo/web exec playwright test e2e/kb-003-delete-file.spec.ts
# 退出码：0

Running 5 tests using 1 worker

  ✓  1 [chromium] › kb-003-delete-file.spec.ts:55:5 › 点击删除并确认：列表立即移除该行、展示成功提示，且文件不再可下载 (17.2s)
  ✓  2 [chromium] › kb-003-delete-file.spec.ts:84:5 › 取消删除：文件行保留，不发起请求 (1.1s)
  ✓  3 [chromium] › kb-003-delete-file.spec.ts:97:5 › 删除失败：保留该文件行并展示错误提示 (874ms)
  ✓  4 [chromium] › kb-003-delete-file.spec.ts:120:5 › 无权限用户无法删除他人文件：DELETE 返回 404，且原 owner 的文件真实未被删 (2.4s)
  ✓  5 [chromium] › kb-003-delete-file.spec.ts:149:5 › 未登录 DELETE /api/kb/files/:id → 401 (156ms)

  Slow test file: [chromium] › kb-003-delete-file.spec.ts (21.8s)
  Consider splitting slow test files to speed up parallel execution
  5 passed (28.7s)

# verification 步骤：
# 1. docker compose -f infra/docker-compose.yml up -d  → postgres/redis/minio healthy
# 2. pnpm --filter @repo/data run migrate              → 28 migrations applied OK
# 3. pnpm --filter @repo/web exec playwright test e2e/kb-003-delete-file.spec.ts → 5/5 passed
#
# 覆盖场景（user_visible_behavior 契约）：
# - 删除并确认 → DELETE 200 → 行消失 + 成功 toast + 文件不再可下载（404）
# - 取消删除 → 文件行保留，无 DELETE 请求
# - 删除失败（500）→ 文件行保留 + 错误提示
# - 无权限用户 → DELETE 404（不泄露存在性）；原 owner 文件真实未被删
# - 未登录 → DELETE 401
