# F02 — 用户管理 End-to-End Verification Evidence
# Generated: 2026-07-02
# Branch: worker/wrk-admin-1-p15-f02-user-management (PR #171, resolves issue #136)
# Run environment: tmp-admin-verify worktree (isolated ports)

## System Load at Run Start
# uptime: 7:52  up 3 days, 18:57, 1 user, load averages: 6.09 6.58 5.78

## Infra Health
# docker compose project: tmp-admin-verify
# postgres: localhost:54252 (healthy)
# redis:    localhost:54259 (healthy)
# minio:    localhost:54261 (healthy)
# All containers reached (healthy) status before test run.

## Migration
# pnpm --filter @repo/data run migrate
# Applied all 27 migrations 001–018 successfully (migration complete).

## Playwright Command
# cd apps/web && pnpm exec playwright test e2e/admin-001-manage-users.spec.ts

## Full Test Output

Running 13 tests using 1 worker

  ✓  1 [chromium] › admin-001-manage-users.spec.ts:61:5 › 未登录访问 /admin/users 跳转到 /login (4.2s)
  ✓  2 [chromium] › admin-001-manage-users.spec.ts:68:5 › 已登录但非 SysAdmin 访问 /admin/users 看到无权限 (847ms)
  ✓  3 [chromium] › admin-001-manage-users.spec.ts:76:5 › 未登录调用用户列表 API 返回 401，非 SysAdmin 返回 403 (298ms)
  ✓  4 [chromium] › admin-001-manage-users.spec.ts:88:5 › SysAdmin 看到用户列表并能搜索 (2.2s)
  ✓  5 [chromium] › admin-001-manage-users.spec.ts:114:5 › SysAdmin 创建用户，立即出现在列表 (830ms)
  ✓  6 [chromium] › admin-001-manage-users.spec.ts:134:5 › SysAdmin 编辑用户资料，立即反映 (1.9s)
  ✓  7 [chromium] › admin-001-manage-users.spec.ts:162:5 › SysAdmin 删除用户（确认弹窗），立即从列表移除 (1.1s)
  ✓  8 [chromium] › admin-001-manage-users.spec.ts:184:5 › SysAdmin 为用户手动增加 Credit，余额立即反映 (1.9s)
  ✓  9 [chromium] › admin-001-manage-users.spec.ts:213:5 › 用户手动上分带幂等 key：重复提交（同 key）不会重复入账 (363ms)
  ✓  10 [chromium] › admin-001-manage-users.spec.ts:256:5 › SysAdmin 不能删除自己的账号（400，删除按钮也禁用） (747ms)
  ✓  11 [chromium] › admin-001-manage-users.spec.ts:274:5 › SysAdmin 不能删除拥有团队的用户（409），转移/无团队后才能删除 (1.3s)
  ✓  12 [chromium] › admin-001-manage-users.spec.ts:304:5 › SysAdmin 不能把自己的平台角色降级为 user（400，编辑弹窗里角色框也禁用） (907ms)
  ✓  13 [chromium] › admin-001-manage-users.spec.ts:326:5 › 降级非本人的 SysAdmin：平台上还有其它 SysAdmin 时允许，只剩它一个时拒绝 (304ms)

  Slow test file: [chromium] › admin-001-manage-users.spec.ts (16.9s)
  Consider splitting slow test files to speed up parallel execution
  13 passed (23.8s)

## Result
EXIT_CODE=0
PASSED=13/13
FAILED=0

## Test Coverage
# test 01: unauthenticated /admin/users redirects to /login            PASS
# test 02: non-SysAdmin sees admin-forbidden                            PASS
# test 03: unauthenticated API → 401; non-SysAdmin API → 403           PASS
# test 04: SysAdmin sees user list and search filter works              PASS
# test 05: SysAdmin creates user, appears in list; bad email → 400      PASS
# test 06: SysAdmin edits user profile, reflected; bad role → 400       PASS
# test 07: SysAdmin deletes user (confirm modal), removed from list     PASS
# test 08: SysAdmin grants credit (manual credit modal), balance shown  PASS
# test 09: idempotency key deduplication (no double-charge)             PASS
# test 10: SysAdmin cannot delete own account (UI disabled + API 400)   PASS [review fix #1]
# test 11: SysAdmin cannot delete team-owner user (409 + UI error)      PASS [review fix #2]
# test 12: SysAdmin cannot downgrade own role (UI disabled + API 400)   PASS [review fix #3]
# test 13: last-sysadmin guard (allows demote when >1 sysadmin exists)  PASS [review fix #4]
